<?xml version="1.0" encoding="UTF-8"?>
<!-- Generated by org.testng.reporters.JUnitReportReporter -->
<testsuite hostname="QT-INBG-LT0414" failures="0" tests="5" name="page.Sign_in" time="37.392" errors="0" timestamp="2022-09-21T11:44:27 IST" skipped="0">
  <testcase classname="page.Sign_in" name="signin" time="6.699"/>
  <system-out/>
  <testcase classname="page.Sign_in" name="signin" time="9.869"/>
  <system-out/>
  <testcase classname="page.Sign_in" name="signin" time="8.965"/>
  <system-out/>
  <testcase classname="page.Sign_in" name="signin" time="6.228"/>
  <system-out/>
  <testcase classname="page.Sign_in" name="signin" time="5.631"/>
  <system-out/>
</testsuite> <!-- page.Sign_in -->
