<?xml version="1.0" encoding="UTF-8"?>
<!-- Generated by org.testng.reporters.JUnitReportReporter -->
<testsuite hostname="QT-INBG-LT0414" failures="0" tests="13" name="page.Contact" time="68.590" errors="0" timestamp="2022-09-19T16:46:35 IST" skipped="0">
  <testcase classname="page.Contact" name="login" time="5.108"/>
  <system-out/>
  <testcase classname="page.Contact" name="login" time="5.211"/>
  <system-out/>
  <testcase classname="page.Contact" name="login" time="7.094"/>
  <system-out/>
  <testcase classname="page.Contact" name="login" time="5.471"/>
  <system-out/>
  <testcase classname="page.Contact" name="login" time="5.031"/>
  <system-out/>
  <testcase classname="page.Contact" name="login" time="4.836"/>
  <system-out/>
  <testcase classname="page.Contact" name="login" time="4.270"/>
  <system-out/>
  <testcase classname="page.Contact" name="login" time="4.257"/>
  <system-out/>
  <testcase classname="page.Contact" name="login" time="5.900"/>
  <system-out/>
  <testcase classname="page.Contact" name="login" time="6.590"/>
  <system-out/>
  <testcase classname="page.Contact" name="login" time="4.949"/>
  <system-out/>
  <testcase classname="page.Contact" name="login" time="4.905"/>
  <system-out/>
  <testcase classname="page.Contact" name="login" time="4.968"/>
  <system-out/>
</testsuite> <!-- page.Contact -->
